<?xml version="1.0" encoding="UTF-8"?>
<!-- Generated by org.testng.reporters.JUnitReportReporter -->
<testsuite hostname="Arun" failures="0" tests="4" name="org.test.AdactinTest" time="6.827" errors="0" timestamp="06 Jul 2023 09:55:45 GMT" skipped="0">
  <testcase classname="org.test.AdactinTest" name="login" time="1.330"/>
  <testcase classname="org.test.AdactinTest" name="searchHotel" time="2.577"/>
  <testcase classname="org.test.AdactinTest" name="Selecthotel" time="0.594"/>
  <testcase classname="org.test.AdactinTest" name="Booking" time="2.326"/>
</testsuite> <!-- org.test.AdactinTest -->
